# JRE version: Java(TM) SE Runtime Environment (8.0_77-b03) (build 1.8.0_77-b03)
# Java VM: Java HotSpot(TM) 64-Bit Server VM (25.77-b03 mixed mode windows-amd64 compressed oops)
Heap:
 PSYoungGen      total 76288K, used 66399K [0x000000076af80000, 0x0000000772380000, 0x00000007c0000000)
  eden space 65536K, 84% used [0x000000076af80000,0x000000076e5dbf40,0x000000076ef80000)
  from space 10752K, 99% used [0x000000076ef80000,0x000000076f9fbcf8,0x000000076fa00000)
  to   space 10752K, 0% used [0x0000000771900000,0x0000000771900000,0x0000000772380000)
 ParOldGen       total 105472K, used 10181K [0x00000006c0e00000, 0x00000006c7500000, 0x000000076af80000)
  object space 105472K, 9% used [0x00000006c0e00000,0x00000006c17f1770,0x00000006c7500000)
 Metaspace       used 30689K, capacity 32212K, committed 32384K, reserved 1077248K
  class space    used 4163K, capacity 4444K, committed 4480K, reserved 1048576K
GC Heap History (8 events):
Event: 0.968 GC heap before
{Heap before GC invocations=1 (full 0):
 PSYoungGen      total 76288K, used 65536K [0x000000076af80000, 0x0000000770480000, 0x00000007c0000000)
  eden space 65536K, 100% used [0x000000076af80000,0x000000076ef80000,0x000000076ef80000)
  from space 10752K, 0% used [0x000000076fa00000,0x000000076fa00000,0x0000000770480000)
  to   space 10752K, 0% used [0x000000076ef80000,0x000000076ef80000,0x000000076fa00000)
 ParOldGen       total 175104K, used 0K [0x00000006c0e00000, 0x00000006cb900000, 0x000000076af80000)
  object space 175104K, 0% used [0x00000006c0e00000,0x00000006c0e00000,0x00000006cb900000)
 Metaspace       used 15726K, capacity 16242K, committed 16512K, reserved 1062912K
  class space    used 2157K, capacity 2309K, committed 2432K, reserved 1048576K
Event: 0.975 GC heap after
Heap after GC invocations=1 (full 0):
 PSYoungGen      total 76288K, used 9930K [0x000000076af80000, 0x0000000770480000, 0x00000007c0000000)
  eden space 65536K, 0% used [0x000000076af80000,0x000000076af80000,0x000000076ef80000)
  from space 10752K, 92% used [0x000000076ef80000,0x000000076f932bc8,0x000000076fa00000)
  to   space 10752K, 0% used [0x000000076fa00000,0x000000076fa00000,0x0000000770480000)
 ParOldGen       total 175104K, used 16K [0x00000006c0e00000, 0x00000006cb900000, 0x000000076af80000)
  object space 175104K, 0% used [0x00000006c0e00000,0x00000006c0e04000,0x00000006cb900000)
 Metaspace       used 15726K, capacity 16242K, committed 16512K, reserved 1062912K
  class space    used 2157K, capacity 2309K, committed 2432K, reserved 1048576K
}
Event: 1.108 GC heap before
{Heap before GC invocations=2 (full 0):
 PSYoungGen      total 76288K, used 42880K [0x000000076af80000, 0x0000000770480000, 0x00000007c0000000)
  eden space 65536K, 50% used [0x000000076af80000,0x000000076cfad4a8,0x000000076ef80000)
  from space 10752K, 92% used [0x000000076ef80000,0x000000076f932bc8,0x000000076fa00000)
  to   space 10752K, 0% used [0x000000076fa00000,0x000000076fa00000,0x0000000770480000)
 ParOldGen       total 175104K, used 16K [0x00000006c0e00000, 0x00000006cb900000, 0x000000076af80000)
  object space 175104K, 0% used [0x00000006c0e00000,0x00000006c0e04000,0x00000006cb900000)
 Metaspace       used 20632K, capacity 21202K, committed 21296K, reserved 1067008K
  class space    used 2782K, capacity 2935K, committed 2944K, reserved 1048576K
Event: 1.115 GC heap after
Heap after GC invocations=2 (full 0):
 PSYoungGen      total 76288K, used 9394K [0x000000076af80000, 0x0000000774480000, 0x00000007c0000000)
  eden space 65536K, 0% used [0x000000076af80000,0x000000076af80000,0x000000076ef80000)
  from space 10752K, 87% used [0x000000076fa00000,0x000000077032cbf0,0x0000000770480000)
  to   space 10752K, 0% used [0x000000076ef80000,0x000000076ef80000,0x000000076fa00000)
 ParOldGen       total 175104K, used 88K [0x00000006c0e00000, 0x00000006cb900000, 0x000000076af80000)
  object space 175104K, 0% used [0x00000006c0e00000,0x00000006c0e16010,0x00000006cb900000)
 Metaspace       used 20632K, capacity 21202K, committed 21296K, reserved 1067008K
  class space    used 2782K, capacity 2935K, committed 2944K, reserved 1048576K
}
Event: 1.115 GC heap before
{Heap before GC invocations=3 (full 1):
 PSYoungGen      total 76288K, used 9394K [0x000000076af80000, 0x0000000774480000, 0x00000007c0000000)
  eden space 65536K, 0% used [0x000000076af80000,0x000000076af80000,0x000000076ef80000)
  from space 10752K, 87% used [0x000000076fa00000,0x000000077032cbf0,0x0000000770480000)
  to   space 10752K, 0% used [0x000000076ef80000,0x000000076ef80000,0x000000076fa00000)
 ParOldGen       total 175104K, used 88K [0x00000006c0e00000, 0x00000006cb900000, 0x000000076af80000)
  object space 175104K, 0% used [0x00000006c0e00000,0x00000006c0e16010,0x00000006cb900000)
 Metaspace       used 20632K, capacity 21202K, committed 21296K, reserved 1067008K
  class space    used 2782K, capacity 2935K, committed 2944K, reserved 1048576K
Event: 1.141 GC heap after
Heap after GC invocations=3 (full 1):
 PSYoungGen      total 76288K, used 0K [0x000000076af80000, 0x0000000774480000, 0x00000007c0000000)
  eden space 65536K, 0% used [0x000000076af80000,0x000000076af80000,0x000000076ef80000)
  from space 10752K, 0% used [0x000000076fa00000,0x000000076fa00000,0x0000000770480000)
  to   space 10752K, 0% used [0x000000076ef80000,0x000000076ef80000,0x000000076fa00000)
 ParOldGen       total 105472K, used 9056K [0x00000006c0e00000, 0x00000006c7500000, 0x000000076af80000)
  object space 105472K, 8% used [0x00000006c0e00000,0x00000006c16d83e0,0x00000006c7500000)
 Metaspace       used 20631K, capacity 21196K, committed 21296K, reserved 1067008K
  class space    used 2781K, capacity 2934K, committed 2944K, reserved 1048576K
}
Event: 1.663 GC heap before
{Heap before GC invocations=4 (full 1):
 PSYoungGen      total 76288K, used 65536K [0x000000076af80000, 0x0000000774480000, 0x00000007c0000000)
  eden space 65536K, 100% used [0x000000076af80000,0x000000076ef80000,0x000000076ef80000)
  from space 10752K, 0% used [0x000000076fa00000,0x000000076fa00000,0x0000000770480000)
  to   space 10752K, 0% used [0x000000076ef80000,0x000000076ef80000,0x000000076fa00000)
 ParOldGen       total 105472K, used 9056K [0x00000006c0e00000, 0x00000006c7500000, 0x000000076af80000)
  object space 105472K, 8% used [0x00000006c0e00000,0x00000006c16d83e0,0x00000006c7500000)
 Metaspace       used 26256K, capacity 27432K, committed 27648K, reserved 1073152K
  class space    used 3571K, capacity 3822K, committed 3840K, reserved 1048576K
Event: 1.670 GC heap after
Heap after GC invocations=4 (full 1):
 PSYoungGen      total 76288K, used 10735K [0x000000076af80000, 0x0000000772380000, 0x00000007c0000000)
  eden space 65536K, 0% used [0x000000076af80000,0x000000076af80000,0x000000076ef80000)
  from space 10752K, 99% used [0x000000076ef80000,0x000000076f9fbcf8,0x000000076fa00000)
  to   space 10752K, 0% used [0x0000000771900000,0x0000000771900000,0x0000000772380000)
 ParOldGen       total 105472K, used 10181K [0x00000006c0e00000, 0x00000006c7500000, 0x000000076af80000)
  object space 105472K, 9% used [0x00000006c0e00000,0x00000006c17f1770,0x00000006c7500000)
 Metaspace       used 26256K, capacity 27432K, committed 27648K, reserved 1073152K
  class space    used 3571K, capacity 3822K, committed 3840K, reserved 1048576K
}

