# JRE version: Java(TM) SE Runtime Environment (8.0_77-b03) (build 1.8.0_77-b03)
# Java VM: Java HotSpot(TM) 64-Bit Server VM (25.77-b03 mixed mode windows-amd64 compressed oops)
Heap:
 PSYoungGen      total 76288K, used 66318K [0x000000076af80000, 0x0000000772a80000, 0x00000007c0000000)
  eden space 65536K, 84% used [0x000000076af80000,0x000000076e5ca410,0x000000076ef80000)
  from space 10752K, 99% used [0x000000076ef80000,0x000000076f9f9500,0x000000076fa00000)
  to   space 10752K, 0% used [0x0000000772000000,0x0000000772000000,0x0000000772a80000)
 ParOldGen       total 97280K, used 10210K [0x00000006c0e00000, 0x00000006c6d00000, 0x000000076af80000)
  object space 97280K, 10% used [0x00000006c0e00000,0x00000006c17f8928,0x00000006c6d00000)
 Metaspace       used 30675K, capacity 32196K, committed 32384K, reserved 1077248K
  class space    used 4167K, capacity 4444K, committed 4480K, reserved 1048576K
GC Heap History (8 events):
Event: 1.421 GC heap before
{Heap before GC invocations=1 (full 0):
 PSYoungGen      total 76288K, used 65536K [0x000000076af80000, 0x0000000770480000, 0x00000007c0000000)
  eden space 65536K, 100% used [0x000000076af80000,0x000000076ef80000,0x000000076ef80000)
  from space 10752K, 0% used [0x000000076fa00000,0x000000076fa00000,0x0000000770480000)
  to   space 10752K, 0% used [0x000000076ef80000,0x000000076ef80000,0x000000076fa00000)
 ParOldGen       total 175104K, used 0K [0x00000006c0e00000, 0x00000006cb900000, 0x000000076af80000)
  object space 175104K, 0% used [0x00000006c0e00000,0x00000006c0e00000,0x00000006cb900000)
 Metaspace       used 15809K, capacity 16306K, committed 16512K, reserved 1062912K
  class space    used 2174K, capacity 2309K, committed 2432K, reserved 1048576K
Event: 1.429 GC heap after
Heap after GC invocations=1 (full 0):
 PSYoungGen      total 76288K, used 10134K [0x000000076af80000, 0x0000000770480000, 0x00000007c0000000)
  eden space 65536K, 0% used [0x000000076af80000,0x000000076af80000,0x000000076ef80000)
  from space 10752K, 94% used [0x000000076ef80000,0x000000076f965830,0x000000076fa00000)
  to   space 10752K, 0% used [0x000000076fa00000,0x000000076fa00000,0x0000000770480000)
 ParOldGen       total 175104K, used 16K [0x00000006c0e00000, 0x00000006cb900000, 0x000000076af80000)
  object space 175104K, 0% used [0x00000006c0e00000,0x00000006c0e04000,0x00000006cb900000)
 Metaspace       used 15809K, capacity 16306K, committed 16512K, reserved 1062912K
  class space    used 2174K, capacity 2309K, committed 2432K, reserved 1048576K
}
Event: 1.558 GC heap before
{Heap before GC invocations=2 (full 0):
 PSYoungGen      total 76288K, used 42618K [0x000000076af80000, 0x0000000770480000, 0x00000007c0000000)
  eden space 65536K, 49% used [0x000000076af80000,0x000000076cf39360,0x000000076ef80000)
  from space 10752K, 94% used [0x000000076ef80000,0x000000076f965830,0x000000076fa00000)
  to   space 10752K, 0% used [0x000000076fa00000,0x000000076fa00000,0x0000000770480000)
 ParOldGen       total 175104K, used 16K [0x00000006c0e00000, 0x00000006cb900000, 0x000000076af80000)
  object space 175104K, 0% used [0x00000006c0e00000,0x00000006c0e04000,0x00000006cb900000)
 Metaspace       used 20618K, capacity 21200K, committed 21296K, reserved 1067008K
  class space    used 2779K, capacity 2934K, committed 2944K, reserved 1048576K
Event: 1.565 GC heap after
Heap after GC invocations=2 (full 0):
 PSYoungGen      total 76288K, used 9279K [0x000000076af80000, 0x0000000774480000, 0x00000007c0000000)
  eden space 65536K, 0% used [0x000000076af80000,0x000000076af80000,0x000000076ef80000)
  from space 10752K, 86% used [0x000000076fa00000,0x000000077030fcd8,0x0000000770480000)
  to   space 10752K, 0% used [0x000000076ef80000,0x000000076ef80000,0x000000076fa00000)
 ParOldGen       total 175104K, used 88K [0x00000006c0e00000, 0x00000006cb900000, 0x000000076af80000)
  object space 175104K, 0% used [0x00000006c0e00000,0x00000006c0e16010,0x00000006cb900000)
 Metaspace       used 20618K, capacity 21200K, committed 21296K, reserved 1067008K
  class space    used 2779K, capacity 2934K, committed 2944K, reserved 1048576K
}
Event: 1.565 GC heap before
{Heap before GC invocations=3 (full 1):
 PSYoungGen      total 76288K, used 9279K [0x000000076af80000, 0x0000000774480000, 0x00000007c0000000)
  eden space 65536K, 0% used [0x000000076af80000,0x000000076af80000,0x000000076ef80000)
  from space 10752K, 86% used [0x000000076fa00000,0x000000077030fcd8,0x0000000770480000)
  to   space 10752K, 0% used [0x000000076ef80000,0x000000076ef80000,0x000000076fa00000)
 ParOldGen       total 175104K, used 88K [0x00000006c0e00000, 0x00000006cb900000, 0x000000076af80000)
  object space 175104K, 0% used [0x00000006c0e00000,0x00000006c0e16010,0x00000006cb900000)
 Metaspace       used 20618K, capacity 21200K, committed 21296K, reserved 1067008K
  class space    used 2779K, capacity 2934K, committed 2944K, reserved 1048576K
Event: 1.586 GC heap after
Heap after GC invocations=3 (full 1):
 PSYoungGen      total 76288K, used 0K [0x000000076af80000, 0x0000000774480000, 0x00000007c0000000)
  eden space 65536K, 0% used [0x000000076af80000,0x000000076af80000,0x000000076ef80000)
  from space 10752K, 0% used [0x000000076fa00000,0x000000076fa00000,0x0000000770480000)
  to   space 10752K, 0% used [0x000000076ef80000,0x000000076ef80000,0x000000076fa00000)
 ParOldGen       total 97280K, used 8967K [0x00000006c0e00000, 0x00000006c6d00000, 0x000000076af80000)
  object space 97280K, 9% used [0x00000006c0e00000,0x00000006c16c1d50,0x00000006c6d00000)
 Metaspace       used 20616K, capacity 21194K, committed 21296K, reserved 1067008K
  class space    used 2778K, capacity 2933K, committed 2944K, reserved 1048576K
}
Event: 2.447 GC heap before
{Heap before GC invocations=4 (full 1):
 PSYoungGen      total 76288K, used 65536K [0x000000076af80000, 0x0000000774480000, 0x00000007c0000000)
  eden space 65536K, 100% used [0x000000076af80000,0x000000076ef80000,0x000000076ef80000)
  from space 10752K, 0% used [0x000000076fa00000,0x000000076fa00000,0x0000000770480000)
  to   space 10752K, 0% used [0x000000076ef80000,0x000000076ef80000,0x000000076fa00000)
 ParOldGen       total 97280K, used 8967K [0x00000006c0e00000, 0x00000006c6d00000, 0x000000076af80000)
  object space 97280K, 9% used [0x00000006c0e00000,0x00000006c16c1d50,0x00000006c6d00000)
 Metaspace       used 26249K, capacity 27484K, committed 27648K, reserved 1073152K
  class space    used 3575K, capacity 3822K, committed 3840K, reserved 1048576K
Event: 2.452 GC heap after
Heap after GC invocations=4 (full 1):
 PSYoungGen      total 76288K, used 10725K [0x000000076af80000, 0x0000000772a80000, 0x00000007c0000000)
  eden space 65536K, 0% used [0x000000076af80000,0x000000076af80000,0x000000076ef80000)
  from space 10752K, 99% used [0x000000076ef80000,0x000000076f9f9500,0x000000076fa00000)
  to   space 10752K, 0% used [0x0000000772000000,0x0000000772000000,0x0000000772a80000)
 ParOldGen       total 97280K, used 10210K [0x00000006c0e00000, 0x00000006c6d00000, 0x000000076af80000)
  object space 97280K, 10% used [0x00000006c0e00000,0x00000006c17f8928,0x00000006c6d00000)
 Metaspace       used 26249K, capacity 27484K, committed 27648K, reserved 1073152K
  class space    used 3575K, capacity 3822K, committed 3840K, reserved 1048576K
}

