# JRE version: Java(TM) SE Runtime Environment (8.0_77-b03) (build 1.8.0_77-b03)
# Java VM: Java HotSpot(TM) 64-Bit Server VM (25.77-b03 mixed mode windows-amd64 compressed oops)
Heap:
 PSYoungGen      total 121856K, used 65788K [0x000000076af80000, 0x0000000774480000, 0x00000007c0000000)
  eden space 111104K, 49% used [0x000000076af80000,0x000000076e53fbf8,0x0000000771c00000)
  from space 10752K, 99% used [0x0000000773a00000,0x000000077447f540,0x0000000774480000)
  to   space 10752K, 0% used [0x0000000772f80000,0x0000000772f80000,0x0000000773a00000)
 ParOldGen       total 89600K, used 7481K [0x00000006c0e00000, 0x00000006c6580000, 0x000000076af80000)
  object space 89600K, 8% used [0x00000006c0e00000,0x00000006c154e410,0x00000006c6580000)
 Metaspace       used 30945K, capacity 32509K, committed 32768K, reserved 1077248K
  class space    used 4204K, capacity 4521K, committed 4608K, reserved 1048576K
GC Heap History (10 events):
Event: 0.925 GC heap before
{Heap before GC invocations=1 (full 0):
 PSYoungGen      total 76288K, used 65536K [0x000000076af80000, 0x0000000770480000, 0x00000007c0000000)
  eden space 65536K, 100% used [0x000000076af80000,0x000000076ef80000,0x000000076ef80000)
  from space 10752K, 0% used [0x000000076fa00000,0x000000076fa00000,0x0000000770480000)
  to   space 10752K, 0% used [0x000000076ef80000,0x000000076ef80000,0x000000076fa00000)
 ParOldGen       total 175104K, used 0K [0x00000006c0e00000, 0x00000006cb900000, 0x000000076af80000)
  object space 175104K, 0% used [0x00000006c0e00000,0x00000006c0e00000,0x00000006cb900000)
 Metaspace       used 15755K, capacity 16242K, committed 16512K, reserved 1062912K
  class space    used 2162K, capacity 2309K, committed 2432K, reserved 1048576K
Event: 0.933 GC heap after
Heap after GC invocations=1 (full 0):
 PSYoungGen      total 76288K, used 9994K [0x000000076af80000, 0x0000000770480000, 0x00000007c0000000)
  eden space 65536K, 0% used [0x000000076af80000,0x000000076af80000,0x000000076ef80000)
  from space 10752K, 92% used [0x000000076ef80000,0x000000076f942820,0x000000076fa00000)
  to   space 10752K, 0% used [0x000000076fa00000,0x000000076fa00000,0x0000000770480000)
 ParOldGen       total 175104K, used 16K [0x00000006c0e00000, 0x00000006cb900000, 0x000000076af80000)
  object space 175104K, 0% used [0x00000006c0e00000,0x00000006c0e04000,0x00000006cb900000)
 Metaspace       used 15755K, capacity 16242K, committed 16512K, reserved 1062912K
  class space    used 2162K, capacity 2309K, committed 2432K, reserved 1048576K
}
Event: 1.072 GC heap before
{Heap before GC invocations=2 (full 0):
 PSYoungGen      total 76288K, used 42846K [0x000000076af80000, 0x0000000770480000, 0x00000007c0000000)
  eden space 65536K, 50% used [0x000000076af80000,0x000000076cf953d0,0x000000076ef80000)
  from space 10752K, 92% used [0x000000076ef80000,0x000000076f942820,0x000000076fa00000)
  to   space 10752K, 0% used [0x000000076fa00000,0x000000076fa00000,0x0000000770480000)
 ParOldGen       total 175104K, used 16K [0x00000006c0e00000, 0x00000006cb900000, 0x000000076af80000)
  object space 175104K, 0% used [0x00000006c0e00000,0x00000006c0e04000,0x00000006cb900000)
 Metaspace       used 20671K, capacity 21263K, committed 21424K, reserved 1067008K
  class space    used 2788K, capacity 2946K, committed 3072K, reserved 1048576K
Event: 1.078 GC heap after
Heap after GC invocations=2 (full 0):
 PSYoungGen      total 76288K, used 9389K [0x000000076af80000, 0x0000000774480000, 0x00000007c0000000)
  eden space 65536K, 0% used [0x000000076af80000,0x000000076af80000,0x000000076ef80000)
  from space 10752K, 87% used [0x000000076fa00000,0x000000077032b788,0x0000000770480000)
  to   space 10752K, 0% used [0x000000076ef80000,0x000000076ef80000,0x000000076fa00000)
 ParOldGen       total 175104K, used 88K [0x00000006c0e00000, 0x00000006cb900000, 0x000000076af80000)
  object space 175104K, 0% used [0x00000006c0e00000,0x00000006c0e16010,0x00000006cb900000)
 Metaspace       used 20671K, capacity 21263K, committed 21424K, reserved 1067008K
  class space    used 2788K, capacity 2946K, committed 3072K, reserved 1048576K
}
Event: 1.102 GC heap before
{Heap before GC invocations=3 (full 0):
 PSYoungGen      total 76288K, used 16515K [0x000000076af80000, 0x0000000774480000, 0x00000007c0000000)
  eden space 65536K, 10% used [0x000000076af80000,0x000000076b6755f8,0x000000076ef80000)
  from space 10752K, 87% used [0x000000076fa00000,0x000000077032b788,0x0000000770480000)
  to   space 10752K, 0% used [0x000000076ef80000,0x000000076ef80000,0x000000076fa00000)
 ParOldGen       total 175104K, used 88K [0x00000006c0e00000, 0x00000006cb900000, 0x000000076af80000)
  object space 175104K, 0% used [0x00000006c0e00000,0x00000006c0e16010,0x00000006cb900000)
 Metaspace       used 20886K, capacity 21495K, committed 21628K, reserved 1069056K
  class space    used 2812K, capacity 2990K, committed 3072K, reserved 1048576K
Event: 1.106 GC heap after
Heap after GC invocations=3 (full 0):
 PSYoungGen      total 76288K, used 6285K [0x000000076af80000, 0x0000000774480000, 0x00000007c0000000)
  eden space 65536K, 0% used [0x000000076af80000,0x000000076af80000,0x000000076ef80000)
  from space 10752K, 58% used [0x000000076ef80000,0x000000076f5a35b8,0x000000076fa00000)
  to   space 10752K, 0% used [0x0000000773a00000,0x0000000773a00000,0x0000000774480000)
 ParOldGen       total 175104K, used 96K [0x00000006c0e00000, 0x00000006cb900000, 0x000000076af80000)
  object space 175104K, 0% used [0x00000006c0e00000,0x00000006c0e18010,0x00000006cb900000)
 Metaspace       used 20886K, capacity 21495K, committed 21628K, reserved 1069056K
  class space    used 2812K, capacity 2990K, committed 3072K, reserved 1048576K
}
Event: 1.106 GC heap before
{Heap before GC invocations=4 (full 1):
 PSYoungGen      total 76288K, used 6285K [0x000000076af80000, 0x0000000774480000, 0x00000007c0000000)
  eden space 65536K, 0% used [0x000000076af80000,0x000000076af80000,0x000000076ef80000)
  from space 10752K, 58% used [0x000000076ef80000,0x000000076f5a35b8,0x000000076fa00000)
  to   space 10752K, 0% used [0x0000000773a00000,0x0000000773a00000,0x0000000774480000)
 ParOldGen       total 175104K, used 96K [0x00000006c0e00000, 0x00000006cb900000, 0x000000076af80000)
  object space 175104K, 0% used [0x00000006c0e00000,0x00000006c0e18010,0x00000006cb900000)
 Metaspace       used 20886K, capacity 21495K, committed 21628K, reserved 1069056K
  class space    used 2812K, capacity 2990K, committed 3072K, reserved 1048576K
Event: 1.131 GC heap after
Heap after GC invocations=4 (full 1):
 PSYoungGen      total 76288K, used 0K [0x000000076af80000, 0x0000000774480000, 0x00000007c0000000)
  eden space 65536K, 0% used [0x000000076af80000,0x000000076af80000,0x000000076ef80000)
  from space 10752K, 0% used [0x000000076ef80000,0x000000076ef80000,0x000000076fa00000)
  to   space 10752K, 0% used [0x0000000773a00000,0x0000000773a00000,0x0000000774480000)
 ParOldGen       total 89600K, used 6158K [0x00000006c0e00000, 0x00000006c6580000, 0x000000076af80000)
  object space 89600K, 6% used [0x00000006c0e00000,0x00000006c1403840,0x00000006c6580000)
 Metaspace       used 20884K, capacity 21489K, committed 21628K, reserved 1069056K
  class space    used 2811K, capacity 2989K, committed 3072K, reserved 1048576K
}
Event: 1.604 GC heap before
{Heap before GC invocations=5 (full 1):
 PSYoungGen      total 76288K, used 65536K [0x000000076af80000, 0x0000000774480000, 0x00000007c0000000)
  eden space 65536K, 100% used [0x000000076af80000,0x000000076ef80000,0x000000076ef80000)
  from space 10752K, 0% used [0x000000076ef80000,0x000000076ef80000,0x000000076fa00000)
  to   space 10752K, 0% used [0x0000000773a00000,0x0000000773a00000,0x0000000774480000)
 ParOldGen       total 89600K, used 6158K [0x00000006c0e00000, 0x00000006c6580000, 0x000000076af80000)
  object space 89600K, 6% used [0x00000006c0e00000,0x00000006c1403840,0x00000006c6580000)
 Metaspace       used 26785K, capacity 27979K, committed 28288K, reserved 1073152K
  class space    used 3620K, capacity 3856K, committed 3968K, reserved 1048576K
Event: 1.610 GC heap after
Heap after GC invocations=5 (full 1):
 PSYoungGen      total 121856K, used 10749K [0x000000076af80000, 0x0000000774480000, 0x00000007c0000000)
  eden space 111104K, 0% used [0x000000076af80000,0x000000076af80000,0x0000000771c00000)
  from space 10752K, 99% used [0x0000000773a00000,0x000000077447f540,0x0000000774480000)
  to   space 10752K, 0% used [0x0000000772f80000,0x0000000772f80000,0x0000000773a00000)
 ParOldGen       total 89600K, used 7481K [0x00000006c0e00000, 0x00000006c6580000, 0x000000076af80000)
  object space 89600K, 8% used [0x00000006c0e00000,0x00000006c154e410,0x00000006c6580000)
 Metaspace       used 26785K, capacity 27979K, committed 28288K, reserved 1073152K
  class space    used 3620K, capacity 3856K, committed 3968K, reserved 1048576K
}

