# JRE version: Java(TM) SE Runtime Environment (8.0_77-b03) (build 1.8.0_77-b03)
# Java VM: Java HotSpot(TM) 64-Bit Server VM (25.77-b03 mixed mode windows-amd64 compressed oops)
Heap:
 PSYoungGen      total 76288K, used 66137K [0x000000076af80000, 0x0000000772500000, 0x00000007c0000000)
  eden space 65536K, 84% used [0x000000076af80000,0x000000076e597918,0x000000076ef80000)
  from space 10752K, 99% used [0x000000076ef80000,0x000000076f9feee0,0x000000076fa00000)
  to   space 10752K, 0% used [0x0000000771a80000,0x0000000771a80000,0x0000000772500000)
 ParOldGen       total 103424K, used 10160K [0x00000006c0e00000, 0x00000006c7300000, 0x000000076af80000)
  object space 103424K, 9% used [0x00000006c0e00000,0x00000006c17ec348,0x00000006c7300000)
 Metaspace       used 30674K, capacity 32218K, committed 32384K, reserved 1077248K
  class space    used 4164K, capacity 4443K, committed 4480K, reserved 1048576K
GC Heap History (8 events):
Event: 0.995 GC heap before
{Heap before GC invocations=1 (full 0):
 PSYoungGen      total 76288K, used 65536K [0x000000076af80000, 0x0000000770480000, 0x00000007c0000000)
  eden space 65536K, 100% used [0x000000076af80000,0x000000076ef80000,0x000000076ef80000)
  from space 10752K, 0% used [0x000000076fa00000,0x000000076fa00000,0x0000000770480000)
  to   space 10752K, 0% used [0x000000076ef80000,0x000000076ef80000,0x000000076fa00000)
 ParOldGen       total 175104K, used 0K [0x00000006c0e00000, 0x00000006cb900000, 0x000000076af80000)
  object space 175104K, 0% used [0x00000006c0e00000,0x00000006c0e00000,0x00000006cb900000)
 Metaspace       used 15801K, capacity 16306K, committed 16512K, reserved 1062912K
  class space    used 2174K, capacity 2309K, committed 2432K, reserved 1048576K
Event: 1.003 GC heap after
Heap after GC invocations=1 (full 0):
 PSYoungGen      total 76288K, used 10028K [0x000000076af80000, 0x0000000770480000, 0x00000007c0000000)
  eden space 65536K, 0% used [0x000000076af80000,0x000000076af80000,0x000000076ef80000)
  from space 10752K, 93% used [0x000000076ef80000,0x000000076f94b188,0x000000076fa00000)
  to   space 10752K, 0% used [0x000000076fa00000,0x000000076fa00000,0x0000000770480000)
 ParOldGen       total 175104K, used 16K [0x00000006c0e00000, 0x00000006cb900000, 0x000000076af80000)
  object space 175104K, 0% used [0x00000006c0e00000,0x00000006c0e04000,0x00000006cb900000)
 Metaspace       used 15801K, capacity 16306K, committed 16512K, reserved 1062912K
  class space    used 2174K, capacity 2309K, committed 2432K, reserved 1048576K
}
Event: 1.128 GC heap before
{Heap before GC invocations=2 (full 0):
 PSYoungGen      total 76288K, used 41898K [0x000000076af80000, 0x0000000770480000, 0x00000007c0000000)
  eden space 65536K, 48% used [0x000000076af80000,0x000000076ce9f698,0x000000076ef80000)
  from space 10752K, 93% used [0x000000076ef80000,0x000000076f94b188,0x000000076fa00000)
  to   space 10752K, 0% used [0x000000076fa00000,0x000000076fa00000,0x0000000770480000)
 ParOldGen       total 175104K, used 16K [0x00000006c0e00000, 0x00000006cb900000, 0x000000076af80000)
  object space 175104K, 0% used [0x00000006c0e00000,0x00000006c0e04000,0x00000006cb900000)
 Metaspace       used 20655K, capacity 21238K, committed 21296K, reserved 1067008K
  class space    used 2785K, capacity 2941K, committed 2944K, reserved 1048576K
Event: 1.135 GC heap after
Heap after GC invocations=2 (full 0):
 PSYoungGen      total 76288K, used 9412K [0x000000076af80000, 0x0000000774480000, 0x00000007c0000000)
  eden space 65536K, 0% used [0x000000076af80000,0x000000076af80000,0x000000076ef80000)
  from space 10752K, 87% used [0x000000076fa00000,0x00000007703312e8,0x0000000770480000)
  to   space 10752K, 0% used [0x000000076ef80000,0x000000076ef80000,0x000000076fa00000)
 ParOldGen       total 175104K, used 88K [0x00000006c0e00000, 0x00000006cb900000, 0x000000076af80000)
  object space 175104K, 0% used [0x00000006c0e00000,0x00000006c0e16010,0x00000006cb900000)
 Metaspace       used 20655K, capacity 21238K, committed 21296K, reserved 1067008K
  class space    used 2785K, capacity 2941K, committed 2944K, reserved 1048576K
}
Event: 1.135 GC heap before
{Heap before GC invocations=3 (full 1):
 PSYoungGen      total 76288K, used 9412K [0x000000076af80000, 0x0000000774480000, 0x00000007c0000000)
  eden space 65536K, 0% used [0x000000076af80000,0x000000076af80000,0x000000076ef80000)
  from space 10752K, 87% used [0x000000076fa00000,0x00000007703312e8,0x0000000770480000)
  to   space 10752K, 0% used [0x000000076ef80000,0x000000076ef80000,0x000000076fa00000)
 ParOldGen       total 175104K, used 88K [0x00000006c0e00000, 0x00000006cb900000, 0x000000076af80000)
  object space 175104K, 0% used [0x00000006c0e00000,0x00000006c0e16010,0x00000006cb900000)
 Metaspace       used 20655K, capacity 21238K, committed 21296K, reserved 1067008K
  class space    used 2785K, capacity 2941K, committed 2944K, reserved 1048576K
Event: 1.161 GC heap after
Heap after GC invocations=3 (full 1):
 PSYoungGen      total 76288K, used 0K [0x000000076af80000, 0x0000000774480000, 0x00000007c0000000)
  eden space 65536K, 0% used [0x000000076af80000,0x000000076af80000,0x000000076ef80000)
  from space 10752K, 0% used [0x000000076fa00000,0x000000076fa00000,0x0000000770480000)
  to   space 10752K, 0% used [0x000000076ef80000,0x000000076ef80000,0x000000076fa00000)
 ParOldGen       total 103424K, used 9018K [0x00000006c0e00000, 0x00000006c7300000, 0x000000076af80000)
  object space 103424K, 8% used [0x00000006c0e00000,0x00000006c16ce8f0,0x00000006c7300000)
 Metaspace       used 20653K, capacity 21232K, committed 21296K, reserved 1067008K
  class space    used 2784K, capacity 2940K, committed 2944K, reserved 1048576K
}
Event: 1.637 GC heap before
{Heap before GC invocations=4 (full 1):
 PSYoungGen      total 76288K, used 65536K [0x000000076af80000, 0x0000000774480000, 0x00000007c0000000)
  eden space 65536K, 100% used [0x000000076af80000,0x000000076ef80000,0x000000076ef80000)
  from space 10752K, 0% used [0x000000076fa00000,0x000000076fa00000,0x0000000770480000)
  to   space 10752K, 0% used [0x000000076ef80000,0x000000076ef80000,0x000000076fa00000)
 ParOldGen       total 103424K, used 9018K [0x00000006c0e00000, 0x00000006c7300000, 0x000000076af80000)
  object space 103424K, 8% used [0x00000006c0e00000,0x00000006c16ce8f0,0x00000006c7300000)
 Metaspace       used 26277K, capacity 27450K, committed 27648K, reserved 1073152K
  class space    used 3575K, capacity 3823K, committed 3840K, reserved 1048576K
Event: 1.642 GC heap after
Heap after GC invocations=4 (full 1):
 PSYoungGen      total 76288K, used 10747K [0x000000076af80000, 0x0000000772500000, 0x00000007c0000000)
  eden space 65536K, 0% used [0x000000076af80000,0x000000076af80000,0x000000076ef80000)
  from space 10752K, 99% used [0x000000076ef80000,0x000000076f9feee0,0x000000076fa00000)
  to   space 10752K, 0% used [0x0000000771a80000,0x0000000771a80000,0x0000000772500000)
 ParOldGen       total 103424K, used 10160K [0x00000006c0e00000, 0x00000006c7300000, 0x000000076af80000)
  object space 103424K, 9% used [0x00000006c0e00000,0x00000006c17ec348,0x00000006c7300000)
 Metaspace       used 26277K, capacity 27450K, committed 27648K, reserved 1073152K
  class space    used 3575K, capacity 3823K, committed 3840K, reserved 1048576K
}

