# JRE version: Java(TM) SE Runtime Environment (8.0_77-b03) (build 1.8.0_77-b03)
# Java VM: Java HotSpot(TM) 64-Bit Server VM (25.77-b03 mixed mode windows-amd64 compressed oops)
Heap:
 PSYoungGen      total 76288K, used 66232K [0x000000076af80000, 0x0000000772680000, 0x00000007c0000000)
  eden space 65536K, 84% used [0x000000076af80000,0x000000076e5b13c8,0x000000076ef80000)
  from space 10752K, 99% used [0x000000076ef80000,0x000000076f9fce28,0x000000076fa00000)
  to   space 10752K, 0% used [0x0000000771c00000,0x0000000771c00000,0x0000000772680000)
 ParOldGen       total 101888K, used 9925K [0x00000006c0e00000, 0x00000006c7180000, 0x000000076af80000)
  object space 101888K, 9% used [0x00000006c0e00000,0x00000006c17b1690,0x00000006c7180000)
 Metaspace       used 30672K, capacity 32200K, committed 32384K, reserved 1077248K
  class space    used 4167K, capacity 4444K, committed 4480K, reserved 1048576K
GC Heap History (8 events):
Event: 1.004 GC heap before
{Heap before GC invocations=1 (full 0):
 PSYoungGen      total 76288K, used 65536K [0x000000076af80000, 0x0000000770480000, 0x00000007c0000000)
  eden space 65536K, 100% used [0x000000076af80000,0x000000076ef80000,0x000000076ef80000)
  from space 10752K, 0% used [0x000000076fa00000,0x000000076fa00000,0x0000000770480000)
  to   space 10752K, 0% used [0x000000076ef80000,0x000000076ef80000,0x000000076fa00000)
 ParOldGen       total 175104K, used 0K [0x00000006c0e00000, 0x00000006cb900000, 0x000000076af80000)
  object space 175104K, 0% used [0x00000006c0e00000,0x00000006c0e00000,0x00000006cb900000)
 Metaspace       used 15872K, capacity 16370K, committed 16512K, reserved 1062912K
  class space    used 2173K, capacity 2309K, committed 2432K, reserved 1048576K
Event: 1.012 GC heap after
Heap after GC invocations=1 (full 0):
 PSYoungGen      total 76288K, used 10084K [0x000000076af80000, 0x0000000770480000, 0x00000007c0000000)
  eden space 65536K, 0% used [0x000000076af80000,0x000000076af80000,0x000000076ef80000)
  from space 10752K, 93% used [0x000000076ef80000,0x000000076f959188,0x000000076fa00000)
  to   space 10752K, 0% used [0x000000076fa00000,0x000000076fa00000,0x0000000770480000)
 ParOldGen       total 175104K, used 16K [0x00000006c0e00000, 0x00000006cb900000, 0x000000076af80000)
  object space 175104K, 0% used [0x00000006c0e00000,0x00000006c0e04000,0x00000006cb900000)
 Metaspace       used 15872K, capacity 16370K, committed 16512K, reserved 1062912K
  class space    used 2173K, capacity 2309K, committed 2432K, reserved 1048576K
}
Event: 1.144 GC heap before
{Heap before GC invocations=2 (full 0):
 PSYoungGen      total 76288K, used 42054K [0x000000076af80000, 0x0000000770480000, 0x00000007c0000000)
  eden space 65536K, 48% used [0x000000076af80000,0x000000076ceb87c0,0x000000076ef80000)
  from space 10752K, 93% used [0x000000076ef80000,0x000000076f959188,0x000000076fa00000)
  to   space 10752K, 0% used [0x000000076fa00000,0x000000076fa00000,0x0000000770480000)
 ParOldGen       total 175104K, used 16K [0x00000006c0e00000, 0x00000006cb900000, 0x000000076af80000)
  object space 175104K, 0% used [0x00000006c0e00000,0x00000006c0e04000,0x00000006cb900000)
 Metaspace       used 20629K, capacity 21200K, committed 21296K, reserved 1067008K
  class space    used 2781K, capacity 2934K, committed 2944K, reserved 1048576K
Event: 1.152 GC heap after
Heap after GC invocations=2 (full 0):
 PSYoungGen      total 76288K, used 9197K [0x000000076af80000, 0x0000000774480000, 0x00000007c0000000)
  eden space 65536K, 0% used [0x000000076af80000,0x000000076af80000,0x000000076ef80000)
  from space 10752K, 85% used [0x000000076fa00000,0x00000007702fb5f8,0x0000000770480000)
  to   space 10752K, 0% used [0x000000076ef80000,0x000000076ef80000,0x000000076fa00000)
 ParOldGen       total 175104K, used 88K [0x00000006c0e00000, 0x00000006cb900000, 0x000000076af80000)
  object space 175104K, 0% used [0x00000006c0e00000,0x00000006c0e16010,0x00000006cb900000)
 Metaspace       used 20629K, capacity 21200K, committed 21296K, reserved 1067008K
  class space    used 2781K, capacity 2934K, committed 2944K, reserved 1048576K
}
Event: 1.152 GC heap before
{Heap before GC invocations=3 (full 1):
 PSYoungGen      total 76288K, used 9197K [0x000000076af80000, 0x0000000774480000, 0x00000007c0000000)
  eden space 65536K, 0% used [0x000000076af80000,0x000000076af80000,0x000000076ef80000)
  from space 10752K, 85% used [0x000000076fa00000,0x00000007702fb5f8,0x0000000770480000)
  to   space 10752K, 0% used [0x000000076ef80000,0x000000076ef80000,0x000000076fa00000)
 ParOldGen       total 175104K, used 88K [0x00000006c0e00000, 0x00000006cb900000, 0x000000076af80000)
  object space 175104K, 0% used [0x00000006c0e00000,0x00000006c0e16010,0x00000006cb900000)
 Metaspace       used 20629K, capacity 21200K, committed 21296K, reserved 1067008K
  class space    used 2781K, capacity 2934K, committed 2944K, reserved 1048576K
Event: 1.176 GC heap after
Heap after GC invocations=3 (full 1):
 PSYoungGen      total 76288K, used 0K [0x000000076af80000, 0x0000000774480000, 0x00000007c0000000)
  eden space 65536K, 0% used [0x000000076af80000,0x000000076af80000,0x000000076ef80000)
  from space 10752K, 0% used [0x000000076fa00000,0x000000076fa00000,0x0000000770480000)
  to   space 10752K, 0% used [0x000000076ef80000,0x000000076ef80000,0x000000076fa00000)
 ParOldGen       total 101888K, used 8843K [0x00000006c0e00000, 0x00000006c7180000, 0x000000076af80000)
  object space 101888K, 8% used [0x00000006c0e00000,0x00000006c16a2fd0,0x00000006c7180000)
 Metaspace       used 20628K, capacity 21194K, committed 21296K, reserved 1067008K
  class space    used 2781K, capacity 2933K, committed 2944K, reserved 1048576K
}
Event: 1.691 GC heap before
{Heap before GC invocations=4 (full 1):
 PSYoungGen      total 76288K, used 65536K [0x000000076af80000, 0x0000000774480000, 0x00000007c0000000)
  eden space 65536K, 100% used [0x000000076af80000,0x000000076ef80000,0x000000076ef80000)
  from space 10752K, 0% used [0x000000076fa00000,0x000000076fa00000,0x0000000770480000)
  to   space 10752K, 0% used [0x000000076ef80000,0x000000076ef80000,0x000000076fa00000)
 ParOldGen       total 101888K, used 8843K [0x00000006c0e00000, 0x00000006c7180000, 0x000000076af80000)
  object space 101888K, 8% used [0x00000006c0e00000,0x00000006c16a2fd0,0x00000006c7180000)
 Metaspace       used 26169K, capacity 27360K, committed 27648K, reserved 1073152K
  class space    used 3565K, capacity 3822K, committed 3840K, reserved 1048576K
Event: 1.696 GC heap after
Heap after GC invocations=4 (full 1):
 PSYoungGen      total 76288K, used 10739K [0x000000076af80000, 0x0000000772680000, 0x00000007c0000000)
  eden space 65536K, 0% used [0x000000076af80000,0x000000076af80000,0x000000076ef80000)
  from space 10752K, 99% used [0x000000076ef80000,0x000000076f9fce28,0x000000076fa00000)
  to   space 10752K, 0% used [0x0000000771c00000,0x0000000771c00000,0x0000000772680000)
 ParOldGen       total 101888K, used 9925K [0x00000006c0e00000, 0x00000006c7180000, 0x000000076af80000)
  object space 101888K, 9% used [0x00000006c0e00000,0x00000006c17b1690,0x00000006c7180000)
 Metaspace       used 26169K, capacity 27360K, committed 27648K, reserved 1073152K
  class space    used 3565K, capacity 3822K, committed 3840K, reserved 1048576K
}

